<?xml version="1.0" encoding="UTF-8"?>
<!-- Generated by org.testng.reporters.JUnitReportReporter -->
<testsuite hostname="sunbeam-HP-Laptop-15q-ds0xxx" failures="0" tests="1" name="ASSIGNMENT.TestMate" time="80.915" errors="0" timestamp="2021-09-24T23:32:33 IST" skipped="0">
  <testcase classname="ASSIGNMENT.TestMate" name="xPathPractice" time="80.915"/>
</testsuite> <!-- ASSIGNMENT.TestMate -->
