<?xml version="1.0" encoding="UTF-8"?>
<!-- Generated by org.testng.reporters.JUnitReportReporter -->
<testsuite hostname="sunbeam-HP-Laptop-15q-ds0xxx" failures="0" tests="6" name="HRMS.HRMS_Login" time="5.222" errors="0" timestamp="2022-02-12T18:23:04 IST" skipped="0">
  <testcase classname="HRMS.HRMS_Login" name="Login_TC_02" time="1.903"/>
  <testcase classname="HRMS.HRMS_Login" name="Login_TC_03" time="0.603"/>
  <testcase classname="HRMS.HRMS_Login" name="Login_TC_03" time="0.622"/>
  <testcase classname="HRMS.HRMS_Login" name="Login_TC_03" time="0.667"/>
  <testcase classname="HRMS.HRMS_Login" name="Login_TC_03" time="0.679"/>
  <testcase classname="HRMS.HRMS_Login" name="Login_TC_03" time="0.748"/>
</testsuite> <!-- HRMS.HRMS_Login -->
