<?xml version="1.0" encoding="UTF-8"?>
<!-- Generated by org.testng.reporters.JUnitReportReporter -->
<testsuite hostname="sunbeam-HP-Laptop-15q-ds0xxx" failures="0" tests="1" name="ASSIGNMENT.ASSIGNMENT9" time="10.922" errors="0" timestamp="2021-09-21T22:56:22 IST" skipped="0">
  <testcase classname="ASSIGNMENT.ASSIGNMENT9" name="Handling_for_JS_Prompt" time="10.922"/>
</testsuite> <!-- ASSIGNMENT.ASSIGNMENT9 -->
