<?xml version="1.0" encoding="UTF-8"?>
<!-- Generated by org.testng.reporters.JUnitReportReporter -->
<testsuite hostname="sunbeam-HP-Laptop-15q-ds0xxx" failures="0" tests="1" name="ASSIGNMENT.ASSIGNMENT2$ASSIGNMENT1" time="10.708" errors="0" timestamp="2021-09-06T21:29:52 IST" skipped="0">
  <testcase classname="ASSIGNMENT.ASSIGNMENT2$ASSIGNMENT1" name="Check_the_title_of_the_webpage" time="10.708"/>
</testsuite> <!-- ASSIGNMENT.ASSIGNMENT2$ASSIGNMENT1 -->
