<?xml version="1.0" encoding="UTF-8"?>
<!-- Generated by org.testng.reporters.JUnitReportReporter -->
<testsuite hostname="sunbeam-HP-Laptop-15q-ds0xxx" failures="0" tests="1" name="Presentation.Quetion5" time="9.950" errors="0" timestamp="2021-10-16T16:08:20 IST" skipped="0">
  <testcase classname="Presentation.Quetion5" name="test" time="9.950"/>
</testsuite> <!-- Presentation.Quetion5 -->
