<?xml version="1.0" encoding="UTF-8"?>
<!-- Generated by org.testng.reporters.JUnitReportReporter -->
<testsuite hostname="sunbeam-HP-Laptop-15q-ds0xxx" failures="0" tests="1" name="Presentation.Quetion3" time="7.327" errors="0" timestamp="2021-10-11T21:58:34 IST" skipped="0">
  <testcase classname="Presentation.Quetion3" name="Identifying_and_Switching_to_a_pop_up_window" time="7.327"/>
</testsuite> <!-- Presentation.Quetion3 -->
