<?xml version="1.0" encoding="UTF-8"?>
<!-- Generated by org.testng.reporters.JUnitReportReporter -->
<testsuite hostname="sunbeam-HP-Laptop-15q-ds0xxx" failures="0" tests="1" name="ASSIGNMENT.ASSIGNMENT10" time="28.508" errors="0" timestamp="2021-09-21T22:57:02 IST" skipped="0">
  <testcase classname="ASSIGNMENT.ASSIGNMENT10" name="Capturing_the_Screenshot_of_the_browser" time="28.508"/>
</testsuite> <!-- ASSIGNMENT.ASSIGNMENT10 -->
