<?xml version="1.0" encoding="UTF-8"?>
<!-- Generated by org.testng.reporters.JUnitReportReporter -->
<testsuite hostname="sunbeam-HP-Laptop-15q-ds0xxx" failures="0" tests="1" name="ASSIGNMENT.ASSIGNMENT3" time="24.898" errors="0" timestamp="2021-09-22T22:48:07 IST" skipped="0">
  <testcase classname="ASSIGNMENT.ASSIGNMENT3" name="Selecting_a_multiple_rows_in_a_table" time="24.898"/>
</testsuite> <!-- ASSIGNMENT.ASSIGNMENT3 -->
