<?xml version="1.0" encoding="UTF-8"?>
<!-- Generated by org.testng.reporters.JUnitReportReporter -->
<testsuite hostname="sunbeam-HP-Laptop-15q-ds0xxx" failures="0" tests="1" name="ASSIGNMENT.Practice" time="27.483" errors="0" timestamp="2021-09-19T18:29:55 IST" skipped="0">
  <testcase classname="ASSIGNMENT.Practice" name="xPathPractice" time="27.483"/>
</testsuite> <!-- ASSIGNMENT.Practice -->
