<?xml version="1.0" encoding="UTF-8"?>
<!-- Generated by org.testng.reporters.JUnitReportReporter -->
<testsuite hostname="sunbeam-HP-Laptop-15q-ds0xxx" failures="0" tests="1" name="Presentation.Quetion4" time="6.717" errors="0" timestamp="2021-10-12T08:11:06 IST" skipped="0">
  <testcase classname="Presentation.Quetion4" name="assert_the_Title_of_the_web_page" time="6.717"/>
</testsuite> <!-- Presentation.Quetion4 -->
