<?xml version="1.0" encoding="UTF-8"?>
<!-- Generated by org.testng.reporters.JUnitReportReporter -->
<testsuite hostname="sunbeam-HP-Laptop-15q-ds0xxx" failures="0" tests="1" name="Presentation.Quetion1" time="11.266" errors="0" timestamp="2021-10-12T13:54:09 IST" skipped="0">
  <testcase classname="Presentation.Quetion1" name="LoginTest" time="11.266"/>
</testsuite> <!-- Presentation.Quetion1 -->
