<?xml version="1.0" encoding="UTF-8"?>
<!-- Generated by org.testng.reporters.JUnitReportReporter -->
<testsuite hostname="sunbeam-HP-Laptop-15q-ds0xxx" failures="0" tests="1" name="ASSIGNMENT.NewTest" time="0.006" errors="0" timestamp="2021-09-06T08:50:39 IST" skipped="0">
  <testcase classname="ASSIGNMENT.NewTest" name="f" time="0.006"/>
</testsuite> <!-- ASSIGNMENT.NewTest -->
