<?xml version="1.0" encoding="UTF-8"?>
<!-- Generated by org.testng.reporters.JUnitReportReporter -->
<testsuite hostname="sunbeam-HP-Laptop-15q-ds0xxx" failures="0" tests="1" name="ASSIGNMENT.ASSIGNMENT4" time="24.533" errors="0" timestamp="2021-09-22T22:16:46 IST" skipped="0">
  <testcase classname="ASSIGNMENT.ASSIGNMENT4" name="DragAndDrop" time="24.533"/>
</testsuite> <!-- ASSIGNMENT.ASSIGNMENT4 -->
