<?xml version="1.0" encoding="UTF-8"?>
<!-- Generated by org.testng.reporters.JUnitReportReporter -->
<testsuite hostname="sunbeam-HP-Laptop-15q-ds0xxx" failures="0" tests="1" name="ASSIGNMENT.AssignMent9" time="7.637" errors="0" timestamp="2021-09-06T20:28:07 IST" skipped="0">
  <testcase classname="ASSIGNMENT.AssignMent9" name="Handling_for_JS_Prompt" time="7.637"/>
</testsuite> <!-- ASSIGNMENT.AssignMent9 -->
