<?xml version="1.0" encoding="UTF-8"?>
<!-- Generated by org.testng.reporters.JUnitReportReporter -->
<testsuite hostname="sunbeam-HP-Laptop-15q-ds0xxx" failures="0" tests="1" name="ASSIGNMENT.ASSIGNMENT1" time="13.471" errors="0" timestamp="2022-02-12T20:31:29 IST" skipped="0">
  <testcase classname="ASSIGNMENT.ASSIGNMENT1" name="Check_the_title_of_the_webpage" time="13.471"/>
</testsuite> <!-- ASSIGNMENT.ASSIGNMENT1 -->
