<?xml version="1.0" encoding="UTF-8"?>
<!-- Generated by org.testng.reporters.JUnitReportReporter -->
<testsuite hostname="sunbeam-HP-Laptop-15q-ds0xxx" failures="0" tests="1" name="ASSIGNMENT.AssignMent10" time="7.699" errors="0" timestamp="2021-09-06T20:25:50 IST" skipped="0">
  <testcase classname="ASSIGNMENT.AssignMent10" name="Capturing_the_Screenshot_of_the_browser" time="7.699"/>
</testsuite> <!-- ASSIGNMENT.AssignMent10 -->
