<?xml version="1.0" encoding="UTF-8"?>
<!-- Generated by org.testng.reporters.JUnitReportReporter -->
<testsuite hostname="sunbeam-HP-Laptop-15q-ds0xxx" failures="0" tests="1" name="ASSIGNMENT.WebDriverMethods" time="140.377" errors="0" timestamp="2021-09-16T22:55:53 IST" skipped="0">
  <testcase classname="ASSIGNMENT.WebDriverMethods" name="xPathPractice" time="140.377"/>
</testsuite> <!-- ASSIGNMENT.WebDriverMethods -->
