<?xml version="1.0" encoding="UTF-8"?>
<!-- Generated by org.testng.reporters.JUnitReportReporter -->
<testsuite hostname="sunbeam-HP-Laptop-15q-ds0xxx" failures="0" tests="1" name="ASSIGNMENT.ASSIGNMENT8" time="9.546" errors="0" timestamp="2021-10-11T21:38:24 IST" skipped="0">
  <testcase classname="ASSIGNMENT.ASSIGNMENT8" name="Identifying_and_Switching_to_a_pop_up_window" time="9.546"/>
</testsuite> <!-- ASSIGNMENT.ASSIGNMENT8 -->
